2017-10-23 19:41:46,762 INFO EkstaziSharp.Tester.ProjectRunner - Building project
2017-10-23 19:41:46,772 DEBUG EkstaziSharp.Tester.ProjectRunner - Fetching Dependencies
2017-10-23 19:41:46,776 DEBUG EkstaziSharp.Tester.ProjectRunner - Building Project
2017-10-23 19:41:48,280 INFO EkstaziSharp.Tester.ProjectRunner - Executing tests
2017-10-23 19:41:48,290 INFO EkstaziSharp.Tester.NUnit2TestExecutor - Running NUnit2 executor in App domain: ekstaziSharpTester.exe
2017-10-23 19:41:48,662 DEBUG EkstaziSharp.Tester.NUnit2TestExecutor - <start-suite id="1-1272" name="D:\UIUC-GIT\TestProjects\OptiKey\src\JuliusSweetland.OptiKey.UnitTests\bin\Debug\JuliusSweetland.OptiKey.UnitTests.dll" fullname="D:\UIUC-GIT\TestProjects\OptiKey\src\JuliusSweetland.OptiKey.UnitTests\bin\Debug\JuliusSweetland.OptiKey.UnitTests.dll"/>
2017-10-23 19:41:48,672 DEBUG EkstaziSharp.Tester.NUnit2TestExecutor - <start-suite id="1-1273" name="JuliusSweetland" fullname="JuliusSweetland"/>
2017-10-23 19:41:48,675 DEBUG EkstaziSharp.Tester.NUnit2TestExecutor - <start-suite id="1-1274" name="OptiKey" fullname="JuliusSweetland.OptiKey"/>
2017-10-23 19:41:48,678 DEBUG EkstaziSharp.Tester.NUnit2TestExecutor - <start-suite id="1-1275" name="UnitTests" fullname="JuliusSweetland.OptiKey.UnitTests"/>
2017-10-23 19:41:48,681 DEBUG EkstaziSharp.Tester.NUnit2TestExecutor - <start-suite id="1-1283" name="Services" fullname="JuliusSweetland.OptiKey.UnitTests.Services"/>
2017-10-23 19:41:48,685 DEBUG EkstaziSharp.Tester.NUnit2TestExecutor - <start-suite id="1-1199" name="KeyboardOutputServiceTests" fullname="JuliusSweetland.OptiKey.UnitTests.Services.KeyboardOutputServiceTests"/>
2017-10-23 19:41:48,691 DEBUG EkstaziSharp.Tester.NUnit2TestExecutor - <start-test id="1-1201" name="SuggestionMultiCodePointToSingleCodePoint" fullname="JuliusSweetland.OptiKey.UnitTests.Services.KeyboardOutputServiceTests.SuggestionMultiCodePointToSingleCodePoint"/>
2017-10-23 19:41:49,299 DEBUG EkstaziSharp.Tester.NUnit2TestExecutor - <test-case id="1-1201" name="SuggestionMultiCodePointToSingleCodePoint" fullname="JuliusSweetland.OptiKey.UnitTests.Services.KeyboardOutputServiceTests.SuggestionMultiCodePointToSingleCodePoint" methodname="SuggestionMultiCodePointToSingleCodePoint" classname="JuliusSweetland.OptiKey.UnitTests.Services.KeyboardOutputServiceTests" runstate="Runnable" result="Failed" duration="0.601470" asserts="1"><failure><message><![CDATA[  Expected string length 5 but was 116. Strings differ at index 0.
  Expected: "12?34"
  But was:  "This is a long sentence to test cancelling speech. It takes a..."
  -----------^
]]></message><stack-trace><![CDATA[   at NUnit.Framework.Assert.That(Object actual, IResolveConstraint expression, String message, Object[] args)
   at NUnit.Framework.Assert.AreEqual(Object expected, Object actual)
   at JuliusSweetland.OptiKey.UnitTests.Services.KeyboardOutputServiceTests.SuggestionMultiCodePointToSingleCodePoint()]]></stack-trace></failure></test-case>
2017-10-23 19:41:49,303 DEBUG EkstaziSharp.Tester.NUnit2TestExecutor - <start-test id="1-1200" name="SuggestionSingleCodePointToMultiCodePoint" fullname="JuliusSweetland.OptiKey.UnitTests.Services.KeyboardOutputServiceTests.SuggestionSingleCodePointToMultiCodePoint"/>
2017-10-23 19:41:49,311 DEBUG EkstaziSharp.Tester.NUnit2TestExecutor - <test-case id="1-1200" name="SuggestionSingleCodePointToMultiCodePoint" fullname="JuliusSweetland.OptiKey.UnitTests.Services.KeyboardOutputServiceTests.SuggestionSingleCodePointToMultiCodePoint" methodname="SuggestionSingleCodePointToMultiCodePoint" classname="JuliusSweetland.OptiKey.UnitTests.Services.KeyboardOutputServiceTests" runstate="Runnable" result="Failed" duration="0.003075" asserts="1"><failure><message><![CDATA[  Expected string length 6 but was 117. Strings differ at index 0.
  Expected: "12dz34"
  But was:  "This is a long sentence to test cancelling speech. It takes a..."
  -----------^
]]></message><stack-trace><![CDATA[   at NUnit.Framework.Assert.That(Object actual, IResolveConstraint expression, String message, Object[] args)
   at NUnit.Framework.Assert.AreEqual(Object expected, Object actual)
   at JuliusSweetland.OptiKey.UnitTests.Services.KeyboardOutputServiceTests.SuggestionSingleCodePointToMultiCodePoint()]]></stack-trace></failure></test-case>
2017-10-23 19:41:49,316 DEBUG EkstaziSharp.Tester.NUnit2TestExecutor - <test-suite type="TestFixture" id="1-1199" name="KeyboardOutputServiceTests" fullname="JuliusSweetland.OptiKey.UnitTests.Services.KeyboardOutputServiceTests" classname="JuliusSweetland.OptiKey.UnitTests.Services.KeyboardOutputServiceTests" runstate="Runnable" testcasecount="2" result="Failed" duration="0.626304" total="2" passed="0" failed="0" inconclusive="0" skipped="0" asserts="0"><failure><message><![CDATA[One or more child tests had errors]]></message></failure></test-suite>
2017-10-23 19:41:49,322 DEBUG EkstaziSharp.Tester.NUnit2TestExecutor - <test-suite type="Namespace" id="1-1283" name="Services" fullname="JuliusSweetland.OptiKey.UnitTests.Services" runstate="Runnable" testcasecount="42" result="Failed" duration="0.630086" total="42" passed="0" failed="0" inconclusive="0" skipped="0" asserts="0"><failure><message><![CDATA[One or more child tests had errors]]></message></failure></test-suite>
2017-10-23 19:41:49,326 DEBUG EkstaziSharp.Tester.NUnit2TestExecutor - <test-suite type="Namespace" id="1-1275" name="UnitTests" fullname="JuliusSweetland.OptiKey.UnitTests" runstate="Runnable" testcasecount="218" result="Failed" duration="0.633711" total="218" passed="0" failed="0" inconclusive="0" skipped="0" asserts="0"><failure><message><![CDATA[One or more child tests had errors]]></message></failure></test-suite>
2017-10-23 19:41:49,330 DEBUG EkstaziSharp.Tester.NUnit2TestExecutor - <test-suite type="Namespace" id="1-1274" name="OptiKey" fullname="JuliusSweetland.OptiKey" runstate="Runnable" testcasecount="218" result="Failed" duration="0.636801" total="218" passed="0" failed="0" inconclusive="0" skipped="0" asserts="0"><failure><message><![CDATA[One or more child tests had errors]]></message></failure></test-suite>
2017-10-23 19:41:49,334 DEBUG EkstaziSharp.Tester.NUnit2TestExecutor - <test-suite type="Namespace" id="1-1273" name="JuliusSweetland" fullname="JuliusSweetland" runstate="Runnable" testcasecount="218" result="Failed" duration="0.639649" total="218" passed="0" failed="0" inconclusive="0" skipped="0" asserts="0"><failure><message><![CDATA[One or more child tests had errors]]></message></failure></test-suite>
2017-10-23 19:41:49,338 DEBUG EkstaziSharp.Tester.NUnit2TestExecutor - <test-suite type="Assembly" id="1-1272" name="D:\UIUC-GIT\TestProjects\OptiKey\src\JuliusSweetland.OptiKey.UnitTests\bin\Debug\JuliusSweetland.OptiKey.UnitTests.dll" fullname="D:\UIUC-GIT\TestProjects\OptiKey\src\JuliusSweetland.OptiKey.UnitTests\bin\Debug\JuliusSweetland.OptiKey.UnitTests.dll" runstate="Runnable" testcasecount="218" result="Failed" duration="0.647338" total="218" passed="0" failed="0" inconclusive="0" skipped="0" asserts="0"><properties><property name="_PID" value="23500" /><property name="_APPDOMAIN" value="nunit2-test" /></properties><failure><message><![CDATA[One or more child tests had errors]]></message></failure></test-suite>
2017-10-23 19:41:49,348 DEBUG EkstaziSharp.Tester.NUnitTestExecutor - Count of executed test cases counted through handler is not the same as in the execution results report
2017-10-23 19:41:49,374 WARN EkstaziSharp.Tester.ProjectRunner - Number of tests scheduled for run does not match number of actually run tests
2017-10-23 19:41:49,380 INFO EkstaziSharp.Tester.ProjectRunner - Test execution summary: Executed 2 tests in 0.647338 seconds
