2017-10-24 18:25:00,109 INFO EkstaziSharp.Tester.ProjectRunner - Building project
2017-10-24 18:25:00,119 DEBUG EkstaziSharp.Tester.ProjectRunner - Fetching Dependencies
2017-10-24 18:25:00,123 DEBUG EkstaziSharp.Tester.ProjectRunner - Building Project
2017-10-24 18:25:02,035 INFO EkstaziSharp.Tester.ProjectRunner - Executing tests
2017-10-24 18:25:02,044 INFO EkstaziSharp.Tester.NUnit3TestExecutor - Running NUnit3 executor in App domain: ekstaziSharpTester.exe
2017-10-24 18:25:03,069 DEBUG EkstaziSharp.Tester.NUnit3TestExecutor - <start-run count='11'/>
2017-10-24 18:25:03,118 DEBUG EkstaziSharp.Tester.NUnit3TestExecutor - <start-suite id="0-1250" parentId="" name="JuliusSweetland.OptiKey.UnitTests.dll" fullname="D:\UIUC-GIT\TestProjects\OptiKey\src\JuliusSweetland.OptiKey.UnitTests\bin\Debug\JuliusSweetland.OptiKey.UnitTests.dll" type="Assembly"/>
2017-10-24 18:25:03,133 DEBUG EkstaziSharp.Tester.NUnit3TestExecutor - <start-suite id="0-1251" parentId="0-1250" name="JuliusSweetland" fullname="JuliusSweetland" type="TestSuite"/>
2017-10-24 18:25:03,138 DEBUG EkstaziSharp.Tester.NUnit3TestExecutor - <start-suite id="0-1252" parentId="0-1251" name="OptiKey" fullname="JuliusSweetland.OptiKey" type="TestSuite"/>
2017-10-24 18:25:03,143 DEBUG EkstaziSharp.Tester.NUnit3TestExecutor - <start-suite id="0-1253" parentId="0-1252" name="UnitTests" fullname="JuliusSweetland.OptiKey.UnitTests" type="TestSuite"/>
2017-10-24 18:25:03,147 DEBUG EkstaziSharp.Tester.NUnit3TestExecutor - <start-suite id="0-1254" parentId="0-1253" name="UI" fullname="JuliusSweetland.OptiKey.UnitTests.UI" type="TestSuite"/>
2017-10-24 18:25:03,150 DEBUG EkstaziSharp.Tester.NUnit3TestExecutor - <start-suite id="0-1255" parentId="0-1254" name="ViewModels" fullname="JuliusSweetland.OptiKey.UnitTests.UI.ViewModels" type="TestSuite"/>
2017-10-24 18:25:03,156 DEBUG EkstaziSharp.Tester.NUnit3TestExecutor - <start-suite id="0-1258" parentId="0-1255" name="ManagementViewModelSpecifications" fullname="JuliusSweetland.OptiKey.UnitTests.UI.ViewModels.ManagementViewModelSpecifications" type="TestSuite"/>
2017-10-24 18:25:03,161 DEBUG EkstaziSharp.Tester.NUnit3TestExecutor - <start-suite id="0-1006" parentId="0-1258" name="WhenCancelCommandDismissed" fullname="JuliusSweetland.OptiKey.UnitTests.UI.ViewModels.ManagementViewModelSpecifications.WhenCancelCommandDismissed" type="TestFixture"/>
2017-10-24 18:25:03,165 DEBUG EkstaziSharp.Tester.NUnit3TestExecutor - <start-test id="0-1007" parentId="0-1006" name="ThenWindowShouldBeClosedWithoutSaving" fullname="JuliusSweetland.OptiKey.UnitTests.UI.ViewModels.ManagementViewModelSpecifications.WhenCancelCommandDismissed.ThenWindowShouldBeClosedWithoutSaving" type="TestMethod"/>
2017-10-24 18:25:04,830 DEBUG EkstaziSharp.Tester.NUnit3TestExecutor - <test-case id="0-1007" name="ThenWindowShouldBeClosedWithoutSaving" fullname="JuliusSweetland.OptiKey.UnitTests.UI.ViewModels.ManagementViewModelSpecifications.WhenCancelCommandDismissed.ThenWindowShouldBeClosedWithoutSaving" methodname="ThenWindowShouldBeClosedWithoutSaving" classname="JuliusSweetland.OptiKey.UnitTests.UI.ViewModels.ManagementViewModelSpecifications.WhenCancelCommandDismissed" runstate="Runnable" seed="706549986" result="Passed" start-time="2017-10-24 23:25:03Z" end-time="2017-10-24 23:25:04Z" duration="1.663501" asserts="3" parentId="0-1006"><properties><property name="ApartmentState" value="STA" /></properties></test-case>
2017-10-24 18:25:04,846 DEBUG EkstaziSharp.Tester.NUnit3TestExecutor - <test-suite type="TestFixture" id="0-1006" name="WhenCancelCommandDismissed" fullname="JuliusSweetland.OptiKey.UnitTests.UI.ViewModels.ManagementViewModelSpecifications.WhenCancelCommandDismissed" classname="JuliusSweetland.OptiKey.UnitTests.UI.ViewModels.ManagementViewModelSpecifications.WhenCancelCommandDismissed" runstate="Runnable" testcasecount="1" result="Passed" start-time="2017-10-24 23:25:03Z" end-time="2017-10-24 23:25:04Z" duration="1.695930" total="1" passed="1" failed="0" warnings="0" inconclusive="0" skipped="0" asserts="3" parentId="0-1258" />
2017-10-24 18:25:04,857 DEBUG EkstaziSharp.Tester.NUnit3TestExecutor - <start-suite id="0-1008" parentId="0-1258" name="WhenCancelCommandStay" fullname="JuliusSweetland.OptiKey.UnitTests.UI.ViewModels.ManagementViewModelSpecifications.WhenCancelCommandStay" type="TestFixture"/>
2017-10-24 18:25:04,862 DEBUG EkstaziSharp.Tester.NUnit3TestExecutor - <start-test id="0-1009" parentId="0-1008" name="ThenWindowShouldStayWithoutSaving" fullname="JuliusSweetland.OptiKey.UnitTests.UI.ViewModels.ManagementViewModelSpecifications.WhenCancelCommandStay.ThenWindowShouldStayWithoutSaving" type="TestMethod"/>
2017-10-24 18:25:04,918 DEBUG EkstaziSharp.Tester.NUnit3TestExecutor - <test-case id="0-1009" name="ThenWindowShouldStayWithoutSaving" fullname="JuliusSweetland.OptiKey.UnitTests.UI.ViewModels.ManagementViewModelSpecifications.WhenCancelCommandStay.ThenWindowShouldStayWithoutSaving" methodname="ThenWindowShouldStayWithoutSaving" classname="JuliusSweetland.OptiKey.UnitTests.UI.ViewModels.ManagementViewModelSpecifications.WhenCancelCommandStay" runstate="Runnable" seed="644004101" result="Failed" start-time="2017-10-24 23:25:04Z" end-time="2017-10-24 23:25:04Z" duration="0.052311" asserts="1" parentId="0-1008"><properties><property name="ApartmentState" value="STA" /></properties><failure><message><![CDATA[  Expected: False
  But was:  True
]]></message><stack-trace><![CDATA[at JuliusSweetland.OptiKey.UnitTests.UI.ViewModels.ManagementViewModelSpecifications.WhenCancelCommandStay.ThenWindowShouldStayWithoutSaving()
]]></stack-trace></failure><assertions><assertion result="Failed"><message><![CDATA[  Expected: False
  But was:  True
]]></message><stack-trace><![CDATA[at JuliusSweetland.OptiKey.UnitTests.UI.ViewModels.ManagementViewModelSpecifications.WhenCancelCommandStay.ThenWindowShouldStayWithoutSaving()
]]></stack-trace></assertion></assertions></test-case>
2017-10-24 18:25:04,925 DEBUG EkstaziSharp.Tester.NUnit3TestExecutor - <test-suite type="TestFixture" id="0-1008" name="WhenCancelCommandStay" fullname="JuliusSweetland.OptiKey.UnitTests.UI.ViewModels.ManagementViewModelSpecifications.WhenCancelCommandStay" classname="JuliusSweetland.OptiKey.UnitTests.UI.ViewModels.ManagementViewModelSpecifications.WhenCancelCommandStay" runstate="Runnable" testcasecount="1" result="Failed" site="Child" start-time="2017-10-24 23:25:04Z" end-time="2017-10-24 23:25:04Z" duration="0.067525" total="1" passed="0" failed="1" warnings="0" inconclusive="0" skipped="0" asserts="1" parentId="0-1258"><failure><message><![CDATA[One or more child tests had errors]]></message></failure></test-suite>
2017-10-24 18:25:04,931 DEBUG EkstaziSharp.Tester.NUnit3TestExecutor - <start-suite id="0-1010" parentId="0-1258" name="WhenChangesRequireRestart" fullname="JuliusSweetland.OptiKey.UnitTests.UI.ViewModels.ManagementViewModelSpecifications.WhenChangesRequireRestart" type="TestFixture"/>
2017-10-24 18:25:04,937 DEBUG EkstaziSharp.Tester.NUnit3TestExecutor - <start-test id="0-1011" parentId="0-1010" name="GivenOtherViewModelRequiresRestart" fullname="JuliusSweetland.OptiKey.UnitTests.UI.ViewModels.ManagementViewModelSpecifications.WhenChangesRequireRestart.GivenOtherViewModelRequiresRestart" type="TestMethod"/>
2017-10-24 18:25:04,965 DEBUG EkstaziSharp.Tester.NUnit3TestExecutor - <test-case id="0-1011" name="GivenOtherViewModelRequiresRestart" fullname="JuliusSweetland.OptiKey.UnitTests.UI.ViewModels.ManagementViewModelSpecifications.WhenChangesRequireRestart.GivenOtherViewModelRequiresRestart" methodname="GivenOtherViewModelRequiresRestart" classname="JuliusSweetland.OptiKey.UnitTests.UI.ViewModels.ManagementViewModelSpecifications.WhenChangesRequireRestart" runstate="Runnable" seed="1234013901" result="Passed" start-time="2017-10-24 23:25:04Z" end-time="2017-10-24 23:25:04Z" duration="0.034150" asserts="1" parentId="0-1010" />
2017-10-24 18:25:04,978 DEBUG EkstaziSharp.Tester.NUnit3TestExecutor - <start-test id="0-1012" parentId="0-1010" name="GivenPointingAndSelectingViewModelRequiresRestart" fullname="JuliusSweetland.OptiKey.UnitTests.UI.ViewModels.ManagementViewModelSpecifications.WhenChangesRequireRestart.GivenPointingAndSelectingViewModelRequiresRestart" type="TestMethod"/>
2017-10-24 18:25:05,010 DEBUG EkstaziSharp.Tester.NUnit3TestExecutor - <test-case id="0-1012" name="GivenPointingAndSelectingViewModelRequiresRestart" fullname="JuliusSweetland.OptiKey.UnitTests.UI.ViewModels.ManagementViewModelSpecifications.WhenChangesRequireRestart.GivenPointingAndSelectingViewModelRequiresRestart" methodname="GivenPointingAndSelectingViewModelRequiresRestart" classname="JuliusSweetland.OptiKey.UnitTests.UI.ViewModels.ManagementViewModelSpecifications.WhenChangesRequireRestart" runstate="Runnable" seed="1546403735" result="Passed" start-time="2017-10-24 23:25:04Z" end-time="2017-10-24 23:25:05Z" duration="0.041633" asserts="1" parentId="0-1010" />
2017-10-24 18:25:05,016 DEBUG EkstaziSharp.Tester.NUnit3TestExecutor - <start-test id="0-1013" parentId="0-1010" name="GivenVisualsViewModelRequiresRestart" fullname="JuliusSweetland.OptiKey.UnitTests.UI.ViewModels.ManagementViewModelSpecifications.WhenChangesRequireRestart.GivenVisualsViewModelRequiresRestart" type="TestMethod"/>
2017-10-24 18:25:05,085 DEBUG EkstaziSharp.Tester.NUnit3TestExecutor - <test-case id="0-1013" name="GivenVisualsViewModelRequiresRestart" fullname="JuliusSweetland.OptiKey.UnitTests.UI.ViewModels.ManagementViewModelSpecifications.WhenChangesRequireRestart.GivenVisualsViewModelRequiresRestart" methodname="GivenVisualsViewModelRequiresRestart" classname="JuliusSweetland.OptiKey.UnitTests.UI.ViewModels.ManagementViewModelSpecifications.WhenChangesRequireRestart" runstate="Runnable" seed="144127969" result="Passed" start-time="2017-10-24 23:25:05Z" end-time="2017-10-24 23:25:05Z" duration="0.072006" asserts="1" parentId="0-1010" />
2017-10-24 18:25:05,091 DEBUG EkstaziSharp.Tester.NUnit3TestExecutor - <test-suite type="TestFixture" id="0-1010" name="WhenChangesRequireRestart" fullname="JuliusSweetland.OptiKey.UnitTests.UI.ViewModels.ManagementViewModelSpecifications.WhenChangesRequireRestart" classname="JuliusSweetland.OptiKey.UnitTests.UI.ViewModels.ManagementViewModelSpecifications.WhenChangesRequireRestart" runstate="Runnable" testcasecount="3" result="Passed" start-time="2017-10-24 23:25:04Z" end-time="2017-10-24 23:25:05Z" duration="0.159258" total="3" passed="3" failed="0" warnings="0" inconclusive="0" skipped="0" asserts="3" parentId="0-1258" />
2017-10-24 18:25:05,097 DEBUG EkstaziSharp.Tester.NUnit3TestExecutor - <start-suite id="0-1014" parentId="0-1258" name="WhenConstruct" fullname="JuliusSweetland.OptiKey.UnitTests.UI.ViewModels.ManagementViewModelSpecifications.WhenConstruct" type="TestFixture"/>
2017-10-24 18:25:05,102 DEBUG EkstaziSharp.Tester.NUnit3TestExecutor - <start-test id="0-1015" parentId="0-1014" name="ThenChildViewModelShouldBeConstructed" fullname="JuliusSweetland.OptiKey.UnitTests.UI.ViewModels.ManagementViewModelSpecifications.WhenConstruct.ThenChildViewModelShouldBeConstructed" type="TestMethod"/>
2017-10-24 18:25:05,128 DEBUG EkstaziSharp.Tester.NUnit3TestExecutor - <test-case id="0-1015" name="ThenChildViewModelShouldBeConstructed" fullname="JuliusSweetland.OptiKey.UnitTests.UI.ViewModels.ManagementViewModelSpecifications.WhenConstruct.ThenChildViewModelShouldBeConstructed" methodname="ThenChildViewModelShouldBeConstructed" classname="JuliusSweetland.OptiKey.UnitTests.UI.ViewModels.ManagementViewModelSpecifications.WhenConstruct" runstate="Runnable" seed="1832608200" result="Passed" start-time="2017-10-24 23:25:05Z" end-time="2017-10-24 23:25:05Z" duration="0.034964" asserts="6" parentId="0-1014" />
2017-10-24 18:25:05,134 DEBUG EkstaziSharp.Tester.NUnit3TestExecutor - <start-test id="0-1016" parentId="0-1014" name="ThenInteractionRequestsAndCommandsShouldBeConstructed" fullname="JuliusSweetland.OptiKey.UnitTests.UI.ViewModels.ManagementViewModelSpecifications.WhenConstruct.ThenInteractionRequestsAndCommandsShouldBeConstructed" type="TestMethod"/>
2017-10-24 18:25:05,162 DEBUG EkstaziSharp.Tester.NUnit3TestExecutor - <test-case id="0-1016" name="ThenInteractionRequestsAndCommandsShouldBeConstructed" fullname="JuliusSweetland.OptiKey.UnitTests.UI.ViewModels.ManagementViewModelSpecifications.WhenConstruct.ThenInteractionRequestsAndCommandsShouldBeConstructed" methodname="ThenInteractionRequestsAndCommandsShouldBeConstructed" classname="JuliusSweetland.OptiKey.UnitTests.UI.ViewModels.ManagementViewModelSpecifications.WhenConstruct" runstate="Runnable" seed="1866555224" result="Passed" start-time="2017-10-24 23:25:05Z" end-time="2017-10-24 23:25:05Z" duration="0.029533" asserts="3" parentId="0-1014" />
2017-10-24 18:25:05,173 DEBUG EkstaziSharp.Tester.NUnit3TestExecutor - <test-suite type="TestFixture" id="0-1014" name="WhenConstruct" fullname="JuliusSweetland.OptiKey.UnitTests.UI.ViewModels.ManagementViewModelSpecifications.WhenConstruct" classname="JuliusSweetland.OptiKey.UnitTests.UI.ViewModels.ManagementViewModelSpecifications.WhenConstruct" runstate="Runnable" testcasecount="2" result="Passed" start-time="2017-10-24 23:25:05Z" end-time="2017-10-24 23:25:05Z" duration="0.073847" total="2" passed="2" failed="0" warnings="0" inconclusive="0" skipped="0" asserts="9" parentId="0-1258" />
2017-10-24 18:25:05,185 DEBUG EkstaziSharp.Tester.NUnit3TestExecutor - <start-suite id="0-1019" parentId="0-1258" name="WhenOkCommandGivenRestartNotRequired" fullname="JuliusSweetland.OptiKey.UnitTests.UI.ViewModels.ManagementViewModelSpecifications.WhenOkCommandGivenRestartNotRequired" type="TestFixture"/>
2017-10-24 18:25:05,193 DEBUG EkstaziSharp.Tester.NUnit3TestExecutor - <start-test id="0-1020" parentId="0-1019" name="ThenWindowShouldBeClosedWithNoChanges" fullname="JuliusSweetland.OptiKey.UnitTests.UI.ViewModels.ManagementViewModelSpecifications.WhenOkCommandGivenRestartNotRequired.ThenWindowShouldBeClosedWithNoChanges" type="TestMethod"/>
2017-10-24 18:25:05,276 DEBUG EkstaziSharp.Tester.NUnit3TestExecutor - <test-case id="0-1020" name="ThenWindowShouldBeClosedWithNoChanges" fullname="JuliusSweetland.OptiKey.UnitTests.UI.ViewModels.ManagementViewModelSpecifications.WhenOkCommandGivenRestartNotRequired.ThenWindowShouldBeClosedWithNoChanges" methodname="ThenWindowShouldBeClosedWithNoChanges" classname="JuliusSweetland.OptiKey.UnitTests.UI.ViewModels.ManagementViewModelSpecifications.WhenOkCommandGivenRestartNotRequired" runstate="Runnable" seed="1566118597" result="Passed" start-time="2017-10-24 23:25:05Z" end-time="2017-10-24 23:25:05Z" duration="0.104644" asserts="3" parentId="0-1019"><properties><property name="ApartmentState" value="STA" /></properties></test-case>
2017-10-24 18:25:05,284 DEBUG EkstaziSharp.Tester.NUnit3TestExecutor - <test-suite type="TestFixture" id="0-1019" name="WhenOkCommandGivenRestartNotRequired" fullname="JuliusSweetland.OptiKey.UnitTests.UI.ViewModels.ManagementViewModelSpecifications.WhenOkCommandGivenRestartNotRequired" classname="JuliusSweetland.OptiKey.UnitTests.UI.ViewModels.ManagementViewModelSpecifications.WhenOkCommandGivenRestartNotRequired" runstate="Runnable" testcasecount="1" result="Passed" start-time="2017-10-24 23:25:05Z" end-time="2017-10-24 23:25:05Z" duration="0.111386" total="1" passed="1" failed="0" warnings="0" inconclusive="0" skipped="0" asserts="3" parentId="0-1258" />
2017-10-24 18:25:05,289 DEBUG EkstaziSharp.Tester.NUnit3TestExecutor - <start-suite id="0-1021" parentId="0-1258" name="WhenOkCommandGivenRestartNotRequiredAndNotChanged" fullname="JuliusSweetland.OptiKey.UnitTests.UI.ViewModels.ManagementViewModelSpecifications.WhenOkCommandGivenRestartNotRequiredAndNotChanged" type="TestFixture"/>
2017-10-24 18:25:05,297 DEBUG EkstaziSharp.Tester.NUnit3TestExecutor - <start-test id="0-1022" parentId="0-1021" name="ThenWindowShouldBeClosedWithNoCoreChanges" fullname="JuliusSweetland.OptiKey.UnitTests.UI.ViewModels.ManagementViewModelSpecifications.WhenOkCommandGivenRestartNotRequiredAndNotChanged.ThenWindowShouldBeClosedWithNoCoreChanges" type="TestMethod"/>
2017-10-24 18:25:05,340 DEBUG EkstaziSharp.Tester.NUnit3TestExecutor - <test-case id="0-1022" name="ThenWindowShouldBeClosedWithNoCoreChanges" fullname="JuliusSweetland.OptiKey.UnitTests.UI.ViewModels.ManagementViewModelSpecifications.WhenOkCommandGivenRestartNotRequiredAndNotChanged.ThenWindowShouldBeClosedWithNoCoreChanges" methodname="ThenWindowShouldBeClosedWithNoCoreChanges" classname="JuliusSweetland.OptiKey.UnitTests.UI.ViewModels.ManagementViewModelSpecifications.WhenOkCommandGivenRestartNotRequiredAndNotChanged" runstate="Runnable" seed="1781411872" result="Passed" start-time="2017-10-24 23:25:05Z" end-time="2017-10-24 23:25:05Z" duration="0.053240" asserts="3" parentId="0-1021"><properties><property name="ApartmentState" value="STA" /></properties></test-case>
2017-10-24 18:25:05,347 DEBUG EkstaziSharp.Tester.NUnit3TestExecutor - <test-suite type="TestFixture" id="0-1021" name="WhenOkCommandGivenRestartNotRequiredAndNotChanged" fullname="JuliusSweetland.OptiKey.UnitTests.UI.ViewModels.ManagementViewModelSpecifications.WhenOkCommandGivenRestartNotRequiredAndNotChanged" classname="JuliusSweetland.OptiKey.UnitTests.UI.ViewModels.ManagementViewModelSpecifications.WhenOkCommandGivenRestartNotRequiredAndNotChanged" runstate="Runnable" testcasecount="1" result="Passed" start-time="2017-10-24 23:25:05Z" end-time="2017-10-24 23:25:05Z" duration="0.059548" total="1" passed="1" failed="0" warnings="0" inconclusive="0" skipped="0" asserts="3" parentId="0-1258" />
2017-10-24 18:25:05,353 DEBUG EkstaziSharp.Tester.NUnit3TestExecutor - <start-suite id="0-1017" parentId="0-1258" name="WhenOkCommandGivenRestartRequired" fullname="JuliusSweetland.OptiKey.UnitTests.UI.ViewModels.ManagementViewModelSpecifications.WhenOkCommandGivenRestartRequired" type="TestFixture"/>
2017-10-24 18:25:05,358 DEBUG EkstaziSharp.Tester.NUnit3TestExecutor - <start-test id="0-1018" parentId="0-1017" name="ThenWindowShouldNotBeClosedOrSaved" fullname="JuliusSweetland.OptiKey.UnitTests.UI.ViewModels.ManagementViewModelSpecifications.WhenOkCommandGivenRestartRequired.ThenWindowShouldNotBeClosedOrSaved" type="TestMethod"/>
2017-10-24 18:25:05,412 DEBUG EkstaziSharp.Tester.NUnit3TestExecutor - <test-case id="0-1018" name="ThenWindowShouldNotBeClosedOrSaved" fullname="JuliusSweetland.OptiKey.UnitTests.UI.ViewModels.ManagementViewModelSpecifications.WhenOkCommandGivenRestartRequired.ThenWindowShouldNotBeClosedOrSaved" methodname="ThenWindowShouldNotBeClosedOrSaved" classname="JuliusSweetland.OptiKey.UnitTests.UI.ViewModels.ManagementViewModelSpecifications.WhenOkCommandGivenRestartRequired" runstate="Runnable" seed="569959320" result="Passed" start-time="2017-10-24 23:25:05Z" end-time="2017-10-24 23:25:05Z" duration="0.062827" asserts="3" parentId="0-1017"><properties><property name="ApartmentState" value="STA" /></properties></test-case>
2017-10-24 18:25:05,418 DEBUG EkstaziSharp.Tester.NUnit3TestExecutor - <test-suite type="TestFixture" id="0-1017" name="WhenOkCommandGivenRestartRequired" fullname="JuliusSweetland.OptiKey.UnitTests.UI.ViewModels.ManagementViewModelSpecifications.WhenOkCommandGivenRestartRequired" classname="JuliusSweetland.OptiKey.UnitTests.UI.ViewModels.ManagementViewModelSpecifications.WhenOkCommandGivenRestartRequired" runstate="Runnable" testcasecount="1" result="Passed" start-time="2017-10-24 23:25:05Z" end-time="2017-10-24 23:25:05Z" duration="0.072182" total="1" passed="1" failed="0" warnings="0" inconclusive="0" skipped="0" asserts="3" parentId="0-1258" />
2017-10-24 18:25:05,424 DEBUG EkstaziSharp.Tester.NUnit3TestExecutor - <start-suite id="0-1023" parentId="0-1258" name="WhenOkCommandGivenRestartRequiredAndSaved" fullname="JuliusSweetland.OptiKey.UnitTests.UI.ViewModels.ManagementViewModelSpecifications.WhenOkCommandGivenRestartRequiredAndSaved" type="TestFixture"/>
2017-10-24 18:25:05,429 DEBUG EkstaziSharp.Tester.NUnit3TestExecutor - <start-test id="0-1024" parentId="0-1023" name="ThenWindowShouldRestartAndSaved" fullname="JuliusSweetland.OptiKey.UnitTests.UI.ViewModels.ManagementViewModelSpecifications.WhenOkCommandGivenRestartRequiredAndSaved.ThenWindowShouldRestartAndSaved" type="TestMethod"/>
2017-10-24 18:25:05,490 DEBUG EkstaziSharp.Tester.NUnit3TestExecutor - <test-case id="0-1024" name="ThenWindowShouldRestartAndSaved" fullname="JuliusSweetland.OptiKey.UnitTests.UI.ViewModels.ManagementViewModelSpecifications.WhenOkCommandGivenRestartRequiredAndSaved.ThenWindowShouldRestartAndSaved" methodname="ThenWindowShouldRestartAndSaved" classname="JuliusSweetland.OptiKey.UnitTests.UI.ViewModels.ManagementViewModelSpecifications.WhenOkCommandGivenRestartRequiredAndSaved" runstate="Runnable" seed="753074776" result="Passed" start-time="2017-10-24 23:25:05Z" end-time="2017-10-24 23:25:05Z" duration="0.066361" asserts="3" parentId="0-1023"><properties><property name="ApartmentState" value="STA" /></properties></test-case>
2017-10-24 18:25:05,498 DEBUG EkstaziSharp.Tester.NUnit3TestExecutor - <test-suite type="TestFixture" id="0-1023" name="WhenOkCommandGivenRestartRequiredAndSaved" fullname="JuliusSweetland.OptiKey.UnitTests.UI.ViewModels.ManagementViewModelSpecifications.WhenOkCommandGivenRestartRequiredAndSaved" classname="JuliusSweetland.OptiKey.UnitTests.UI.ViewModels.ManagementViewModelSpecifications.WhenOkCommandGivenRestartRequiredAndSaved" runstate="Runnable" testcasecount="1" result="Passed" start-time="2017-10-24 23:25:05Z" end-time="2017-10-24 23:25:05Z" duration="0.071508" total="1" passed="1" failed="0" warnings="0" inconclusive="0" skipped="0" asserts="3" parentId="0-1258" />
2017-10-24 18:25:05,505 DEBUG EkstaziSharp.Tester.NUnit3TestExecutor - <test-suite type="TestSuite" id="0-1258" name="ManagementViewModelSpecifications" fullname="JuliusSweetland.OptiKey.UnitTests.UI.ViewModels.ManagementViewModelSpecifications" runstate="Runnable" testcasecount="11" result="Failed" site="Child" start-time="2017-10-24 23:25:03Z" end-time="2017-10-24 23:25:05Z" duration="2.348919" total="11" passed="10" failed="1" warnings="0" inconclusive="0" skipped="0" asserts="28" parentId="0-1255"><failure><message><![CDATA[One or more child tests had errors]]></message></failure></test-suite>
2017-10-24 18:25:05,527 DEBUG EkstaziSharp.Tester.NUnit3TestExecutor - <test-suite type="TestSuite" id="0-1255" name="ViewModels" fullname="JuliusSweetland.OptiKey.UnitTests.UI.ViewModels" runstate="Runnable" testcasecount="159" result="Failed" site="Child" start-time="2017-10-24 23:25:03Z" end-time="2017-10-24 23:25:05Z" duration="2.352381" total="11" passed="10" failed="1" warnings="0" inconclusive="0" skipped="0" asserts="28" parentId="0-1254"><failure><message><![CDATA[One or more child tests had errors]]></message></failure></test-suite>
2017-10-24 18:25:05,533 DEBUG EkstaziSharp.Tester.NUnit3TestExecutor - <test-suite type="TestSuite" id="0-1254" name="UI" fullname="JuliusSweetland.OptiKey.UnitTests.UI" runstate="Runnable" testcasecount="160" result="Failed" site="Child" start-time="2017-10-24 23:25:03Z" end-time="2017-10-24 23:25:05Z" duration="2.355886" total="11" passed="10" failed="1" warnings="0" inconclusive="0" skipped="0" asserts="28" parentId="0-1253"><failure><message><![CDATA[One or more child tests had errors]]></message></failure></test-suite>
2017-10-24 18:25:05,540 DEBUG EkstaziSharp.Tester.NUnit3TestExecutor - <test-suite type="TestSuite" id="0-1253" name="UnitTests" fullname="JuliusSweetland.OptiKey.UnitTests" runstate="Runnable" testcasecount="193" result="Failed" site="Child" start-time="2017-10-24 23:25:03Z" end-time="2017-10-24 23:25:05Z" duration="2.359417" total="11" passed="10" failed="1" warnings="0" inconclusive="0" skipped="0" asserts="28" parentId="0-1252"><failure><message><![CDATA[One or more child tests had errors]]></message></failure></test-suite>
2017-10-24 18:25:05,547 DEBUG EkstaziSharp.Tester.NUnit3TestExecutor - <test-suite type="TestSuite" id="0-1252" name="OptiKey" fullname="JuliusSweetland.OptiKey" runstate="Runnable" testcasecount="193" result="Failed" site="Child" start-time="2017-10-24 23:25:03Z" end-time="2017-10-24 23:25:05Z" duration="2.362940" total="11" passed="10" failed="1" warnings="0" inconclusive="0" skipped="0" asserts="28" parentId="0-1251"><failure><message><![CDATA[One or more child tests had errors]]></message></failure></test-suite>
2017-10-24 18:25:05,554 DEBUG EkstaziSharp.Tester.NUnit3TestExecutor - <test-suite type="TestSuite" id="0-1251" name="JuliusSweetland" fullname="JuliusSweetland" runstate="Runnable" testcasecount="193" result="Failed" site="Child" start-time="2017-10-24 23:25:03Z" end-time="2017-10-24 23:25:05Z" duration="2.366280" total="11" passed="10" failed="1" warnings="0" inconclusive="0" skipped="0" asserts="28" parentId="0-1250"><failure><message><![CDATA[One or more child tests had errors]]></message></failure></test-suite>
2017-10-24 18:25:05,561 DEBUG EkstaziSharp.Tester.NUnit3TestExecutor - <test-suite type="Assembly" id="0-1250" name="JuliusSweetland.OptiKey.UnitTests.dll" fullname="D:\UIUC-GIT\TestProjects\OptiKey\src\JuliusSweetland.OptiKey.UnitTests\bin\Debug\JuliusSweetland.OptiKey.UnitTests.dll" runstate="Runnable" testcasecount="193" result="Failed" site="Child" start-time="2017-10-24 23:25:03Z" end-time="2017-10-24 23:25:05Z" duration="2.390093" total="11" passed="10" failed="1" warnings="0" inconclusive="0" skipped="0" asserts="28" parentId=""><properties><property name="_PID" value="21984" /><property name="_APPDOMAIN" value="test-domain-JuliusSweetland.OptiKey.UnitTests.dll" /></properties><failure><message><![CDATA[One or more child tests had errors]]></message></failure></test-suite>
2017-10-24 18:25:05,578 DEBUG EkstaziSharp.Tester.NUnit3TestExecutor - <test-suite type="Assembly" id="0-1250" name="JuliusSweetland.OptiKey.UnitTests.dll" fullname="D:\UIUC-GIT\TestProjects\OptiKey\src\JuliusSweetland.OptiKey.UnitTests\bin\Debug\JuliusSweetland.OptiKey.UnitTests.dll" runstate="Runnable" testcasecount="193" result="Failed" site="Child" start-time="2017-10-24 23:25:03Z" end-time="2017-10-24 23:25:05Z" duration="2.390093" total="11" passed="10" failed="1" warnings="0" inconclusive="0" skipped="0" asserts="28"><environment framework-version="3.7.1.0" clr-version="4.0.30319.42000" os-version="Microsoft Windows NT 10.0.15063.0" platform="Win32NT" cwd="D:\UIUC-GIT\TestProjects\OptiKey" machine-name="DESKTOP-JNSMGFC" user="James" user-domain="DESKTOP-JNSMGFC" culture="en-US" uiculture="en-US" os-architecture="x64" /><settings><setting name="ImageRuntimeVersion" value="4.0.30319" /><setting name="ImageTargetFrameworkName" value=".NETFramework,Version=v4.6" /><setting name="ImageRequiresX86" value="False" /><setting name="ImageRequiresDefaultAppDomainAssemblyResolver" value="False" /><setting name="RuntimeFramework" value="net-4.0" /><setting name="NumberOfTestWorkers" value="12" /></settings><properties><property name="_PID" value="21984" /><property name="_APPDOMAIN" value="test-domain-JuliusSweetland.OptiKey.UnitTests.dll" /></properties><failure><message><![CDATA[One or more child tests had errors]]></message></failure><test-suite type="TestSuite" id="0-1251" name="JuliusSweetland" fullname="JuliusSweetland" runstate="Runnable" testcasecount="193" result="Failed" site="Child" start-time="2017-10-24 23:25:03Z" end-time="2017-10-24 23:25:05Z" duration="2.366280" total="11" passed="10" failed="1" warnings="0" inconclusive="0" skipped="0" asserts="28"><failure><message><![CDATA[One or more child tests had errors]]></message></failure><test-suite type="TestSuite" id="0-1252" name="OptiKey" fullname="JuliusSweetland.OptiKey" runstate="Runnable" testcasecount="193" result="Failed" site="Child" start-time="2017-10-24 23:25:03Z" end-time="2017-10-24 23:25:05Z" duration="2.362940" total="11" passed="10" failed="1" warnings="0" inconclusive="0" skipped="0" asserts="28"><failure><message><![CDATA[One or more child tests had errors]]></message></failure><test-suite type="TestSuite" id="0-1253" name="UnitTests" fullname="JuliusSweetland.OptiKey.UnitTests" runstate="Runnable" testcasecount="193" result="Failed" site="Child" start-time="2017-10-24 23:25:03Z" end-time="2017-10-24 23:25:05Z" duration="2.359417" total="11" passed="10" failed="1" warnings="0" inconclusive="0" skipped="0" asserts="28"><failure><message><![CDATA[One or more child tests had errors]]></message></failure><test-suite type="TestSuite" id="0-1254" name="UI" fullname="JuliusSweetland.OptiKey.UnitTests.UI" runstate="Runnable" testcasecount="160" result="Failed" site="Child" start-time="2017-10-24 23:25:03Z" end-time="2017-10-24 23:25:05Z" duration="2.355886" total="11" passed="10" failed="1" warnings="0" inconclusive="0" skipped="0" asserts="28"><failure><message><![CDATA[One or more child tests had errors]]></message></failure><test-suite type="TestSuite" id="0-1255" name="ViewModels" fullname="JuliusSweetland.OptiKey.UnitTests.UI.ViewModels" runstate="Runnable" testcasecount="159" result="Failed" site="Child" start-time="2017-10-24 23:25:03Z" end-time="2017-10-24 23:25:05Z" duration="2.352381" total="11" passed="10" failed="1" warnings="0" inconclusive="0" skipped="0" asserts="28"><failure><message><![CDATA[One or more child tests had errors]]></message></failure><test-suite type="TestSuite" id="0-1258" name="ManagementViewModelSpecifications" fullname="JuliusSweetland.OptiKey.UnitTests.UI.ViewModels.ManagementViewModelSpecifications" runstate="Runnable" testcasecount="11" result="Failed" site="Child" start-time="2017-10-24 23:25:03Z" end-time="2017-10-24 23:25:05Z" duration="2.348919" total="11" passed="10" failed="1" warnings="0" inconclusive="0" skipped="0" asserts="28"><failure><message><![CDATA[One or more child tests had errors]]></message></failure><test-suite type="TestFixture" id="0-1006" name="WhenCancelCommandDismissed" fullname="JuliusSweetland.OptiKey.UnitTests.UI.ViewModels.ManagementViewModelSpecifications.WhenCancelCommandDismissed" classname="JuliusSweetland.OptiKey.UnitTests.UI.ViewModels.ManagementViewModelSpecifications.WhenCancelCommandDismissed" runstate="Runnable" testcasecount="1" result="Passed" start-time="2017-10-24 23:25:03Z" end-time="2017-10-24 23:25:04Z" duration="1.695930" total="1" passed="1" failed="0" warnings="0" inconclusive="0" skipped="0" asserts="3"><test-case id="0-1007" name="ThenWindowShouldBeClosedWithoutSaving" fullname="JuliusSweetland.OptiKey.UnitTests.UI.ViewModels.ManagementViewModelSpecifications.WhenCancelCommandDismissed.ThenWindowShouldBeClosedWithoutSaving" methodname="ThenWindowShouldBeClosedWithoutSaving" classname="JuliusSweetland.OptiKey.UnitTests.UI.ViewModels.ManagementViewModelSpecifications.WhenCancelCommandDismissed" runstate="Runnable" seed="706549986" result="Passed" start-time="2017-10-24 23:25:03Z" end-time="2017-10-24 23:25:04Z" duration="1.663501" asserts="3"><properties><property name="ApartmentState" value="STA" /></properties></test-case></test-suite><test-suite type="TestFixture" id="0-1008" name="WhenCancelCommandStay" fullname="JuliusSweetland.OptiKey.UnitTests.UI.ViewModels.ManagementViewModelSpecifications.WhenCancelCommandStay" classname="JuliusSweetland.OptiKey.UnitTests.UI.ViewModels.ManagementViewModelSpecifications.WhenCancelCommandStay" runstate="Runnable" testcasecount="1" result="Failed" site="Child" start-time="2017-10-24 23:25:04Z" end-time="2017-10-24 23:25:04Z" duration="0.067525" total="1" passed="0" failed="1" warnings="0" inconclusive="0" skipped="0" asserts="1"><failure><message><![CDATA[One or more child tests had errors]]></message></failure><test-case id="0-1009" name="ThenWindowShouldStayWithoutSaving" fullname="JuliusSweetland.OptiKey.UnitTests.UI.ViewModels.ManagementViewModelSpecifications.WhenCancelCommandStay.ThenWindowShouldStayWithoutSaving" methodname="ThenWindowShouldStayWithoutSaving" classname="JuliusSweetland.OptiKey.UnitTests.UI.ViewModels.ManagementViewModelSpecifications.WhenCancelCommandStay" runstate="Runnable" seed="644004101" result="Failed" start-time="2017-10-24 23:25:04Z" end-time="2017-10-24 23:25:04Z" duration="0.052311" asserts="1"><properties><property name="ApartmentState" value="STA" /></properties><failure><message><![CDATA[  Expected: False
  But was:  True
]]></message><stack-trace><![CDATA[at JuliusSweetland.OptiKey.UnitTests.UI.ViewModels.ManagementViewModelSpecifications.WhenCancelCommandStay.ThenWindowShouldStayWithoutSaving()
]]></stack-trace></failure><assertions><assertion result="Failed"><message><![CDATA[  Expected: False
  But was:  True
]]></message><stack-trace><![CDATA[at JuliusSweetland.OptiKey.UnitTests.UI.ViewModels.ManagementViewModelSpecifications.WhenCancelCommandStay.ThenWindowShouldStayWithoutSaving()
]]></stack-trace></assertion></assertions></test-case></test-suite><test-suite type="TestFixture" id="0-1010" name="WhenChangesRequireRestart" fullname="JuliusSweetland.OptiKey.UnitTests.UI.ViewModels.ManagementViewModelSpecifications.WhenChangesRequireRestart" classname="JuliusSweetland.OptiKey.UnitTests.UI.ViewModels.ManagementViewModelSpecifications.WhenChangesRequireRestart" runstate="Runnable" testcasecount="3" result="Passed" start-time="2017-10-24 23:25:04Z" end-time="2017-10-24 23:25:05Z" duration="0.159258" total="3" passed="3" failed="0" warnings="0" inconclusive="0" skipped="0" asserts="3"><test-case id="0-1011" name="GivenOtherViewModelRequiresRestart" fullname="JuliusSweetland.OptiKey.UnitTests.UI.ViewModels.ManagementViewModelSpecifications.WhenChangesRequireRestart.GivenOtherViewModelRequiresRestart" methodname="GivenOtherViewModelRequiresRestart" classname="JuliusSweetland.OptiKey.UnitTests.UI.ViewModels.ManagementViewModelSpecifications.WhenChangesRequireRestart" runstate="Runnable" seed="1234013901" result="Passed" start-time="2017-10-24 23:25:04Z" end-time="2017-10-24 23:25:04Z" duration="0.034150" asserts="1" /><test-case id="0-1012" name="GivenPointingAndSelectingViewModelRequiresRestart" fullname="JuliusSweetland.OptiKey.UnitTests.UI.ViewModels.ManagementViewModelSpecifications.WhenChangesRequireRestart.GivenPointingAndSelectingViewModelRequiresRestart" methodname="GivenPointingAndSelectingViewModelRequiresRestart" classname="JuliusSweetland.OptiKey.UnitTests.UI.ViewModels.ManagementViewModelSpecifications.WhenChangesRequireRestart" runstate="Runnable" seed="1546403735" result="Passed" start-time="2017-10-24 23:25:04Z" end-time="2017-10-24 23:25:05Z" duration="0.041633" asserts="1" /><test-case id="0-1013" name="GivenVisualsViewModelRequiresRestart" fullname="JuliusSweetland.OptiKey.UnitTests.UI.ViewModels.ManagementViewModelSpecifications.WhenChangesRequireRestart.GivenVisualsViewModelRequiresRestart" methodname="GivenVisualsViewModelRequiresRestart" classname="JuliusSweetland.OptiKey.UnitTests.UI.ViewModels.ManagementViewModelSpecifications.WhenChangesRequireRestart" runstate="Runnable" seed="144127969" result="Passed" start-time="2017-10-24 23:25:05Z" end-time="2017-10-24 23:25:05Z" duration="0.072006" asserts="1" /></test-suite><test-suite type="TestFixture" id="0-1014" name="WhenConstruct" fullname="JuliusSweetland.OptiKey.UnitTests.UI.ViewModels.ManagementViewModelSpecifications.WhenConstruct" classname="JuliusSweetland.OptiKey.UnitTests.UI.ViewModels.ManagementViewModelSpecifications.WhenConstruct" runstate="Runnable" testcasecount="2" result="Passed" start-time="2017-10-24 23:25:05Z" end-time="2017-10-24 23:25:05Z" duration="0.073847" total="2" passed="2" failed="0" warnings="0" inconclusive="0" skipped="0" asserts="9"><test-case id="0-1015" name="ThenChildViewModelShouldBeConstructed" fullname="JuliusSweetland.OptiKey.UnitTests.UI.ViewModels.ManagementViewModelSpecifications.WhenConstruct.ThenChildViewModelShouldBeConstructed" methodname="ThenChildViewModelShouldBeConstructed" classname="JuliusSweetland.OptiKey.UnitTests.UI.ViewModels.ManagementViewModelSpecifications.WhenConstruct" runstate="Runnable" seed="1832608200" result="Passed" start-time="2017-10-24 23:25:05Z" end-time="2017-10-24 23:25:05Z" duration="0.034964" asserts="6" /><test-case id="0-1016" name="ThenInteractionRequestsAndCommandsShouldBeConstructed" fullname="JuliusSweetland.OptiKey.UnitTests.UI.ViewModels.ManagementViewModelSpecifications.WhenConstruct.ThenInteractionRequestsAndCommandsShouldBeConstructed" methodname="ThenInteractionRequestsAndCommandsShouldBeConstructed" classname="JuliusSweetland.OptiKey.UnitTests.UI.ViewModels.ManagementViewModelSpecifications.WhenConstruct" runstate="Runnable" seed="1866555224" result="Passed" start-time="2017-10-24 23:25:05Z" end-time="2017-10-24 23:25:05Z" duration="0.029533" asserts="3" /></test-suite><test-suite type="TestFixture" id="0-1019" name="WhenOkCommandGivenRestartNotRequired" fullname="JuliusSweetland.OptiKey.UnitTests.UI.ViewModels.ManagementViewModelSpecifications.WhenOkCommandGivenRestartNotRequired" classname="JuliusSweetland.OptiKey.UnitTests.UI.ViewModels.ManagementViewModelSpecifications.WhenOkCommandGivenRestartNotRequired" runstate="Runnable" testcasecount="1" result="Passed" start-time="2017-10-24 23:25:05Z" end-time="2017-10-24 23:25:05Z" duration="0.111386" total="1" passed="1" failed="0" warnings="0" inconclusive="0" skipped="0" asserts="3"><test-case id="0-1020" name="ThenWindowShouldBeClosedWithNoChanges" fullname="JuliusSweetland.OptiKey.UnitTests.UI.ViewModels.ManagementViewModelSpecifications.WhenOkCommandGivenRestartNotRequired.ThenWindowShouldBeClosedWithNoChanges" methodname="ThenWindowShouldBeClosedWithNoChanges" classname="JuliusSweetland.OptiKey.UnitTests.UI.ViewModels.ManagementViewModelSpecifications.WhenOkCommandGivenRestartNotRequired" runstate="Runnable" seed="1566118597" result="Passed" start-time="2017-10-24 23:25:05Z" end-time="2017-10-24 23:25:05Z" duration="0.104644" asserts="3"><properties><property name="ApartmentState" value="STA" /></properties></test-case></test-suite><test-suite type="TestFixture" id="0-1021" name="WhenOkCommandGivenRestartNotRequiredAndNotChanged" fullname="JuliusSweetland.OptiKey.UnitTests.UI.ViewModels.ManagementViewModelSpecifications.WhenOkCommandGivenRestartNotRequiredAndNotChanged" classname="JuliusSweetland.OptiKey.UnitTests.UI.ViewModels.ManagementViewModelSpecifications.WhenOkCommandGivenRestartNotRequiredAndNotChanged" runstate="Runnable" testcasecount="1" result="Passed" start-time="2017-10-24 23:25:05Z" end-time="2017-10-24 23:25:05Z" duration="0.059548" total="1" passed="1" failed="0" warnings="0" inconclusive="0" skipped="0" asserts="3"><test-case id="0-1022" name="ThenWindowShouldBeClosedWithNoCoreChanges" fullname="JuliusSweetland.OptiKey.UnitTests.UI.ViewModels.ManagementViewModelSpecifications.WhenOkCommandGivenRestartNotRequiredAndNotChanged.ThenWindowShouldBeClosedWithNoCoreChanges" methodname="ThenWindowShouldBeClosedWithNoCoreChanges" classname="JuliusSweetland.OptiKey.UnitTests.UI.ViewModels.ManagementViewModelSpecifications.WhenOkCommandGivenRestartNotRequiredAndNotChanged" runstate="Runnable" seed="1781411872" result="Passed" start-time="2017-10-24 23:25:05Z" end-time="2017-10-24 23:25:05Z" duration="0.053240" asserts="3"><properties><property name="ApartmentState" value="STA" /></properties></test-case></test-suite><test-suite type="TestFixture" id="0-1017" name="WhenOkCommandGivenRestartRequired" fullname="JuliusSweetland.OptiKey.UnitTests.UI.ViewModels.ManagementViewModelSpecifications.WhenOkCommandGivenRestartRequired" classname="JuliusSweetland.OptiKey.UnitTests.UI.ViewModels.ManagementViewModelSpecifications.WhenOkCommandGivenRestartRequired" runstate="Runnable" testcasecount="1" result="Passed" start-time="2017-10-24 23:25:05Z" end-time="2017-10-24 23:25:05Z" duration="0.072182" total="1" passed="1" failed="0" warnings="0" inconclusive="0" skipped="0" asserts="3"><test-case id="0-1018" name="ThenWindowShouldNotBeClosedOrSaved" fullname="JuliusSweetland.OptiKey.UnitTests.UI.ViewModels.ManagementViewModelSpecifications.WhenOkCommandGivenRestartRequired.ThenWindowShouldNotBeClosedOrSaved" methodname="ThenWindowShouldNotBeClosedOrSaved" classname="JuliusSweetland.OptiKey.UnitTests.UI.ViewModels.ManagementViewModelSpecifications.WhenOkCommandGivenRestartRequired" runstate="Runnable" seed="569959320" result="Passed" start-time="2017-10-24 23:25:05Z" end-time="2017-10-24 23:25:05Z" duration="0.062827" asserts="3"><properties><property name="ApartmentState" value="STA" /></properties></test-case></test-suite><test-suite type="TestFixture" id="0-1023" name="WhenOkCommandGivenRestartRequiredAndSaved" fullname="JuliusSweetland.OptiKey.UnitTests.UI.ViewModels.ManagementViewModelSpecifications.WhenOkCommandGivenRestartRequiredAndSaved" classname="JuliusSweetland.OptiKey.UnitTests.UI.ViewModels.ManagementViewModelSpecifications.WhenOkCommandGivenRestartRequiredAndSaved" runstate="Runnable" testcasecount="1" result="Passed" start-time="2017-10-24 23:25:05Z" end-time="2017-10-24 23:25:05Z" duration="0.071508" total="1" passed="1" failed="0" warnings="0" inconclusive="0" skipped="0" asserts="3"><test-case id="0-1024" name="ThenWindowShouldRestartAndSaved" fullname="JuliusSweetland.OptiKey.UnitTests.UI.ViewModels.ManagementViewModelSpecifications.WhenOkCommandGivenRestartRequiredAndSaved.ThenWindowShouldRestartAndSaved" methodname="ThenWindowShouldRestartAndSaved" classname="JuliusSweetland.OptiKey.UnitTests.UI.ViewModels.ManagementViewModelSpecifications.WhenOkCommandGivenRestartRequiredAndSaved" runstate="Runnable" seed="753074776" result="Passed" start-time="2017-10-24 23:25:05Z" end-time="2017-10-24 23:25:05Z" duration="0.066361" asserts="3"><properties><property name="ApartmentState" value="STA" /></properties></test-case></test-suite></test-suite></test-suite></test-suite></test-suite></test-suite></test-suite></test-suite>
2017-10-24 18:25:05,585 DEBUG EkstaziSharp.Tester.NUnit3TestExecutor - <test-run id="2" name="JuliusSweetland.OptiKey.UnitTests.dll" fullname="D:\UIUC-GIT\TestProjects\OptiKey\src\JuliusSweetland.OptiKey.UnitTests\bin\Debug\JuliusSweetland.OptiKey.UnitTests.dll" testcasecount="193" result="Failed" total="11" passed="10" failed="1" inconclusive="0" skipped="0" asserts="28" engine-version="3.5.0.0" clr-version="4.0.30319.42000" start-time="2017-10-24 23:25:03Z" end-time="2017-10-24 23:25:05Z" duration="2.512630"><command-line><![CDATA["D:\UIUC-GIT\ekstaziSharp\tool\Tester\bin\Debug\ekstaziSharpTester.exe" --testSource LocalProject --projectPath D:\UIUC-GIT\TestProjects\OptiKey --projectFilePath src\JuliusSweetland.OptiKey\JuliusSweetland.OptiKey.csproj --solutionPath OptiKey.sln --programModules src\JuliusSweetland.OptiKey.UnitTests\bin\Debug\OptiKey.exe --testModules src\JuliusSweetland.OptiKey.UnitTests\bin\Debug\JuliusSweetland.OptiKey.UnitTests.dll --testingFramework NUnit3 --outputDirectory D:\UIUC-GIT\Results\Ekstazi#\OptiKey\ekstaziInfo\ --inputDirectory D:\UIUC-GIT\Results\Ekstazi#\OptiKey\ekstaziInfo\ --debug]]></command-line><filter><or><test>JuliusSweetland.OptiKey.UnitTests.UI.ViewModels.ManagementViewModelSpecifications.WhenCancelCommand</test><test>JuliusSweetland.OptiKey.UnitTests.UI.ViewModels.ManagementViewModelSpecifications.WhenCancelCommandDismissed</test><test>JuliusSweetland.OptiKey.UnitTests.UI.ViewModels.ManagementViewModelSpecifications.WhenCancelCommandStay</test><test>JuliusSweetland.OptiKey.UnitTests.UI.ViewModels.ManagementViewModelSpecifications.WhenChangesRequireRestart</test><test>JuliusSweetland.OptiKey.UnitTests.UI.ViewModels.ManagementViewModelSpecifications.WhenConstruct</test><test>JuliusSweetland.OptiKey.UnitTests.UI.ViewModels.ManagementViewModelSpecifications.WhenOkCommandGivenRestartRequired</test><test>JuliusSweetland.OptiKey.UnitTests.UI.ViewModels.ManagementViewModelSpecifications.WhenOkCommandGivenRestartNotRequired</test><test>JuliusSweetland.OptiKey.UnitTests.UI.ViewModels.ManagementViewModelSpecifications.WhenOkCommandGivenRestartNotRequiredAndNotChanged</test><test>JuliusSweetland.OptiKey.UnitTests.UI.ViewModels.ManagementViewModelSpecifications.WhenOkCommandGivenRestartRequiredAndSaved</test><test>JuliusSweetland.OptiKey.UnitTests.UI.ViewModels.MainViewModelSpecifications.WhenConstruct</test><test>JuliusSweetland.OptiKey.UnitTests.Services.AutoComplete.AutoCompleteTestsBase</test></or></filter><test-suite type="Assembly" id="0-1250" name="JuliusSweetland.OptiKey.UnitTests.dll" fullname="D:\UIUC-GIT\TestProjects\OptiKey\src\JuliusSweetland.OptiKey.UnitTests\bin\Debug\JuliusSweetland.OptiKey.UnitTests.dll" runstate="Runnable" testcasecount="193" result="Failed" site="Child" start-time="2017-10-24 23:25:03Z" end-time="2017-10-24 23:25:05Z" duration="2.390093" total="11" passed="10" failed="1" warnings="0" inconclusive="0" skipped="0" asserts="28"><environment framework-version="3.7.1.0" clr-version="4.0.30319.42000" os-version="Microsoft Windows NT 10.0.15063.0" platform="Win32NT" cwd="D:\UIUC-GIT\TestProjects\OptiKey" machine-name="DESKTOP-JNSMGFC" user="James" user-domain="DESKTOP-JNSMGFC" culture="en-US" uiculture="en-US" os-architecture="x64" /><settings><setting name="ImageRuntimeVersion" value="4.0.30319" /><setting name="ImageTargetFrameworkName" value=".NETFramework,Version=v4.6" /><setting name="ImageRequiresX86" value="False" /><setting name="ImageRequiresDefaultAppDomainAssemblyResolver" value="False" /><setting name="RuntimeFramework" value="net-4.0" /><setting name="NumberOfTestWorkers" value="12" /></settings><properties><property name="_PID" value="21984" /><property name="_APPDOMAIN" value="test-domain-JuliusSweetland.OptiKey.UnitTests.dll" /></properties><failure><message><![CDATA[One or more child tests had errors]]></message></failure><test-suite type="TestSuite" id="0-1251" name="JuliusSweetland" fullname="JuliusSweetland" runstate="Runnable" testcasecount="193" result="Failed" site="Child" start-time="2017-10-24 23:25:03Z" end-time="2017-10-24 23:25:05Z" duration="2.366280" total="11" passed="10" failed="1" warnings="0" inconclusive="0" skipped="0" asserts="28"><failure><message><![CDATA[One or more child tests had errors]]></message></failure><test-suite type="TestSuite" id="0-1252" name="OptiKey" fullname="JuliusSweetland.OptiKey" runstate="Runnable" testcasecount="193" result="Failed" site="Child" start-time="2017-10-24 23:25:03Z" end-time="2017-10-24 23:25:05Z" duration="2.362940" total="11" passed="10" failed="1" warnings="0" inconclusive="0" skipped="0" asserts="28"><failure><message><![CDATA[One or more child tests had errors]]></message></failure><test-suite type="TestSuite" id="0-1253" name="UnitTests" fullname="JuliusSweetland.OptiKey.UnitTests" runstate="Runnable" testcasecount="193" result="Failed" site="Child" start-time="2017-10-24 23:25:03Z" end-time="2017-10-24 23:25:05Z" duration="2.359417" total="11" passed="10" failed="1" warnings="0" inconclusive="0" skipped="0" asserts="28"><failure><message><![CDATA[One or more child tests had errors]]></message></failure><test-suite type="TestSuite" id="0-1254" name="UI" fullname="JuliusSweetland.OptiKey.UnitTests.UI" runstate="Runnable" testcasecount="160" result="Failed" site="Child" start-time="2017-10-24 23:25:03Z" end-time="2017-10-24 23:25:05Z" duration="2.355886" total="11" passed="10" failed="1" warnings="0" inconclusive="0" skipped="0" asserts="28"><failure><message><![CDATA[One or more child tests had errors]]></message></failure><test-suite type="TestSuite" id="0-1255" name="ViewModels" fullname="JuliusSweetland.OptiKey.UnitTests.UI.ViewModels" runstate="Runnable" testcasecount="159" result="Failed" site="Child" start-time="2017-10-24 23:25:03Z" end-time="2017-10-24 23:25:05Z" duration="2.352381" total="11" passed="10" failed="1" warnings="0" inconclusive="0" skipped="0" asserts="28"><failure><message><![CDATA[One or more child tests had errors]]></message></failure><test-suite type="TestSuite" id="0-1258" name="ManagementViewModelSpecifications" fullname="JuliusSweetland.OptiKey.UnitTests.UI.ViewModels.ManagementViewModelSpecifications" runstate="Runnable" testcasecount="11" result="Failed" site="Child" start-time="2017-10-24 23:25:03Z" end-time="2017-10-24 23:25:05Z" duration="2.348919" total="11" passed="10" failed="1" warnings="0" inconclusive="0" skipped="0" asserts="28"><failure><message><![CDATA[One or more child tests had errors]]></message></failure><test-suite type="TestFixture" id="0-1006" name="WhenCancelCommandDismissed" fullname="JuliusSweetland.OptiKey.UnitTests.UI.ViewModels.ManagementViewModelSpecifications.WhenCancelCommandDismissed" classname="JuliusSweetland.OptiKey.UnitTests.UI.ViewModels.ManagementViewModelSpecifications.WhenCancelCommandDismissed" runstate="Runnable" testcasecount="1" result="Passed" start-time="2017-10-24 23:25:03Z" end-time="2017-10-24 23:25:04Z" duration="1.695930" total="1" passed="1" failed="0" warnings="0" inconclusive="0" skipped="0" asserts="3"><test-case id="0-1007" name="ThenWindowShouldBeClosedWithoutSaving" fullname="JuliusSweetland.OptiKey.UnitTests.UI.ViewModels.ManagementViewModelSpecifications.WhenCancelCommandDismissed.ThenWindowShouldBeClosedWithoutSaving" methodname="ThenWindowShouldBeClosedWithoutSaving" classname="JuliusSweetland.OptiKey.UnitTests.UI.ViewModels.ManagementViewModelSpecifications.WhenCancelCommandDismissed" runstate="Runnable" seed="706549986" result="Passed" start-time="2017-10-24 23:25:03Z" end-time="2017-10-24 23:25:04Z" duration="1.663501" asserts="3"><properties><property name="ApartmentState" value="STA" /></properties></test-case></test-suite><test-suite type="TestFixture" id="0-1008" name="WhenCancelCommandStay" fullname="JuliusSweetland.OptiKey.UnitTests.UI.ViewModels.ManagementViewModelSpecifications.WhenCancelCommandStay" classname="JuliusSweetland.OptiKey.UnitTests.UI.ViewModels.ManagementViewModelSpecifications.WhenCancelCommandStay" runstate="Runnable" testcasecount="1" result="Failed" site="Child" start-time="2017-10-24 23:25:04Z" end-time="2017-10-24 23:25:04Z" duration="0.067525" total="1" passed="0" failed="1" warnings="0" inconclusive="0" skipped="0" asserts="1"><failure><message><![CDATA[One or more child tests had errors]]></message></failure><test-case id="0-1009" name="ThenWindowShouldStayWithoutSaving" fullname="JuliusSweetland.OptiKey.UnitTests.UI.ViewModels.ManagementViewModelSpecifications.WhenCancelCommandStay.ThenWindowShouldStayWithoutSaving" methodname="ThenWindowShouldStayWithoutSaving" classname="JuliusSweetland.OptiKey.UnitTests.UI.ViewModels.ManagementViewModelSpecifications.WhenCancelCommandStay" runstate="Runnable" seed="644004101" result="Failed" start-time="2017-10-24 23:25:04Z" end-time="2017-10-24 23:25:04Z" duration="0.052311" asserts="1"><properties><property name="ApartmentState" value="STA" /></properties><failure><message><![CDATA[  Expected: False
  But was:  True
]]></message><stack-trace><![CDATA[at JuliusSweetland.OptiKey.UnitTests.UI.ViewModels.ManagementViewModelSpecifications.WhenCancelCommandStay.ThenWindowShouldStayWithoutSaving()
]]></stack-trace></failure><assertions><assertion result="Failed"><message><![CDATA[  Expected: False
  But was:  True
]]></message><stack-trace><![CDATA[at JuliusSweetland.OptiKey.UnitTests.UI.ViewModels.ManagementViewModelSpecifications.WhenCancelCommandStay.ThenWindowShouldStayWithoutSaving()
]]></stack-trace></assertion></assertions></test-case></test-suite><test-suite type="TestFixture" id="0-1010" name="WhenChangesRequireRestart" fullname="JuliusSweetland.OptiKey.UnitTests.UI.ViewModels.ManagementViewModelSpecifications.WhenChangesRequireRestart" classname="JuliusSweetland.OptiKey.UnitTests.UI.ViewModels.ManagementViewModelSpecifications.WhenChangesRequireRestart" runstate="Runnable" testcasecount="3" result="Passed" start-time="2017-10-24 23:25:04Z" end-time="2017-10-24 23:25:05Z" duration="0.159258" total="3" passed="3" failed="0" warnings="0" inconclusive="0" skipped="0" asserts="3"><test-case id="0-1011" name="GivenOtherViewModelRequiresRestart" fullname="JuliusSweetland.OptiKey.UnitTests.UI.ViewModels.ManagementViewModelSpecifications.WhenChangesRequireRestart.GivenOtherViewModelRequiresRestart" methodname="GivenOtherViewModelRequiresRestart" classname="JuliusSweetland.OptiKey.UnitTests.UI.ViewModels.ManagementViewModelSpecifications.WhenChangesRequireRestart" runstate="Runnable" seed="1234013901" result="Passed" start-time="2017-10-24 23:25:04Z" end-time="2017-10-24 23:25:04Z" duration="0.034150" asserts="1" /><test-case id="0-1012" name="GivenPointingAndSelectingViewModelRequiresRestart" fullname="JuliusSweetland.OptiKey.UnitTests.UI.ViewModels.ManagementViewModelSpecifications.WhenChangesRequireRestart.GivenPointingAndSelectingViewModelRequiresRestart" methodname="GivenPointingAndSelectingViewModelRequiresRestart" classname="JuliusSweetland.OptiKey.UnitTests.UI.ViewModels.ManagementViewModelSpecifications.WhenChangesRequireRestart" runstate="Runnable" seed="1546403735" result="Passed" start-time="2017-10-24 23:25:04Z" end-time="2017-10-24 23:25:05Z" duration="0.041633" asserts="1" /><test-case id="0-1013" name="GivenVisualsViewModelRequiresRestart" fullname="JuliusSweetland.OptiKey.UnitTests.UI.ViewModels.ManagementViewModelSpecifications.WhenChangesRequireRestart.GivenVisualsViewModelRequiresRestart" methodname="GivenVisualsViewModelRequiresRestart" classname="JuliusSweetland.OptiKey.UnitTests.UI.ViewModels.ManagementViewModelSpecifications.WhenChangesRequireRestart" runstate="Runnable" seed="144127969" result="Passed" start-time="2017-10-24 23:25:05Z" end-time="2017-10-24 23:25:05Z" duration="0.072006" asserts="1" /></test-suite><test-suite type="TestFixture" id="0-1014" name="WhenConstruct" fullname="JuliusSweetland.OptiKey.UnitTests.UI.ViewModels.ManagementViewModelSpecifications.WhenConstruct" classname="JuliusSweetland.OptiKey.UnitTests.UI.ViewModels.ManagementViewModelSpecifications.WhenConstruct" runstate="Runnable" testcasecount="2" result="Passed" start-time="2017-10-24 23:25:05Z" end-time="2017-10-24 23:25:05Z" duration="0.073847" total="2" passed="2" failed="0" warnings="0" inconclusive="0" skipped="0" asserts="9"><test-case id="0-1015" name="ThenChildViewModelShouldBeConstructed" fullname="JuliusSweetland.OptiKey.UnitTests.UI.ViewModels.ManagementViewModelSpecifications.WhenConstruct.ThenChildViewModelShouldBeConstructed" methodname="ThenChildViewModelShouldBeConstructed" classname="JuliusSweetland.OptiKey.UnitTests.UI.ViewModels.ManagementViewModelSpecifications.WhenConstruct" runstate="Runnable" seed="1832608200" result="Passed" start-time="2017-10-24 23:25:05Z" end-time="2017-10-24 23:25:05Z" duration="0.034964" asserts="6" /><test-case id="0-1016" name="ThenInteractionRequestsAndCommandsShouldBeConstructed" fullname="JuliusSweetland.OptiKey.UnitTests.UI.ViewModels.ManagementViewModelSpecifications.WhenConstruct.ThenInteractionRequestsAndCommandsShouldBeConstructed" methodname="ThenInteractionRequestsAndCommandsShouldBeConstructed" classname="JuliusSweetland.OptiKey.UnitTests.UI.ViewModels.ManagementViewModelSpecifications.WhenConstruct" runstate="Runnable" seed="1866555224" result="Passed" start-time="2017-10-24 23:25:05Z" end-time="2017-10-24 23:25:05Z" duration="0.029533" asserts="3" /></test-suite><test-suite type="TestFixture" id="0-1019" name="WhenOkCommandGivenRestartNotRequired" fullname="JuliusSweetland.OptiKey.UnitTests.UI.ViewModels.ManagementViewModelSpecifications.WhenOkCommandGivenRestartNotRequired" classname="JuliusSweetland.OptiKey.UnitTests.UI.ViewModels.ManagementViewModelSpecifications.WhenOkCommandGivenRestartNotRequired" runstate="Runnable" testcasecount="1" result="Passed" start-time="2017-10-24 23:25:05Z" end-time="2017-10-24 23:25:05Z" duration="0.111386" total="1" passed="1" failed="0" warnings="0" inconclusive="0" skipped="0" asserts="3"><test-case id="0-1020" name="ThenWindowShouldBeClosedWithNoChanges" fullname="JuliusSweetland.OptiKey.UnitTests.UI.ViewModels.ManagementViewModelSpecifications.WhenOkCommandGivenRestartNotRequired.ThenWindowShouldBeClosedWithNoChanges" methodname="ThenWindowShouldBeClosedWithNoChanges" classname="JuliusSweetland.OptiKey.UnitTests.UI.ViewModels.ManagementViewModelSpecifications.WhenOkCommandGivenRestartNotRequired" runstate="Runnable" seed="1566118597" result="Passed" start-time="2017-10-24 23:25:05Z" end-time="2017-10-24 23:25:05Z" duration="0.104644" asserts="3"><properties><property name="ApartmentState" value="STA" /></properties></test-case></test-suite><test-suite type="TestFixture" id="0-1021" name="WhenOkCommandGivenRestartNotRequiredAndNotChanged" fullname="JuliusSweetland.OptiKey.UnitTests.UI.ViewModels.ManagementViewModelSpecifications.WhenOkCommandGivenRestartNotRequiredAndNotChanged" classname="JuliusSweetland.OptiKey.UnitTests.UI.ViewModels.ManagementViewModelSpecifications.WhenOkCommandGivenRestartNotRequiredAndNotChanged" runstate="Runnable" testcasecount="1" result="Passed" start-time="2017-10-24 23:25:05Z" end-time="2017-10-24 23:25:05Z" duration="0.059548" total="1" passed="1" failed="0" warnings="0" inconclusive="0" skipped="0" asserts="3"><test-case id="0-1022" name="ThenWindowShouldBeClosedWithNoCoreChanges" fullname="JuliusSweetland.OptiKey.UnitTests.UI.ViewModels.ManagementViewModelSpecifications.WhenOkCommandGivenRestartNotRequiredAndNotChanged.ThenWindowShouldBeClosedWithNoCoreChanges" methodname="ThenWindowShouldBeClosedWithNoCoreChanges" classname="JuliusSweetland.OptiKey.UnitTests.UI.ViewModels.ManagementViewModelSpecifications.WhenOkCommandGivenRestartNotRequiredAndNotChanged" runstate="Runnable" seed="1781411872" result="Passed" start-time="2017-10-24 23:25:05Z" end-time="2017-10-24 23:25:05Z" duration="0.053240" asserts="3"><properties><property name="ApartmentState" value="STA" /></properties></test-case></test-suite><test-suite type="TestFixture" id="0-1017" name="WhenOkCommandGivenRestartRequired" fullname="JuliusSweetland.OptiKey.UnitTests.UI.ViewModels.ManagementViewModelSpecifications.WhenOkCommandGivenRestartRequired" classname="JuliusSweetland.OptiKey.UnitTests.UI.ViewModels.ManagementViewModelSpecifications.WhenOkCommandGivenRestartRequired" runstate="Runnable" testcasecount="1" result="Passed" start-time="2017-10-24 23:25:05Z" end-time="2017-10-24 23:25:05Z" duration="0.072182" total="1" passed="1" failed="0" warnings="0" inconclusive="0" skipped="0" asserts="3"><test-case id="0-1018" name="ThenWindowShouldNotBeClosedOrSaved" fullname="JuliusSweetland.OptiKey.UnitTests.UI.ViewModels.ManagementViewModelSpecifications.WhenOkCommandGivenRestartRequired.ThenWindowShouldNotBeClosedOrSaved" methodname="ThenWindowShouldNotBeClosedOrSaved" classname="JuliusSweetland.OptiKey.UnitTests.UI.ViewModels.ManagementViewModelSpecifications.WhenOkCommandGivenRestartRequired" runstate="Runnable" seed="569959320" result="Passed" start-time="2017-10-24 23:25:05Z" end-time="2017-10-24 23:25:05Z" duration="0.062827" asserts="3"><properties><property name="ApartmentState" value="STA" /></properties></test-case></test-suite><test-suite type="TestFixture" id="0-1023" name="WhenOkCommandGivenRestartRequiredAndSaved" fullname="JuliusSweetland.OptiKey.UnitTests.UI.ViewModels.ManagementViewModelSpecifications.WhenOkCommandGivenRestartRequiredAndSaved" classname="JuliusSweetland.OptiKey.UnitTests.UI.ViewModels.ManagementViewModelSpecifications.WhenOkCommandGivenRestartRequiredAndSaved" runstate="Runnable" testcasecount="1" result="Passed" start-time="2017-10-24 23:25:05Z" end-time="2017-10-24 23:25:05Z" duration="0.071508" total="1" passed="1" failed="0" warnings="0" inconclusive="0" skipped="0" asserts="3"><test-case id="0-1024" name="ThenWindowShouldRestartAndSaved" fullname="JuliusSweetland.OptiKey.UnitTests.UI.ViewModels.ManagementViewModelSpecifications.WhenOkCommandGivenRestartRequiredAndSaved.ThenWindowShouldRestartAndSaved" methodname="ThenWindowShouldRestartAndSaved" classname="JuliusSweetland.OptiKey.UnitTests.UI.ViewModels.ManagementViewModelSpecifications.WhenOkCommandGivenRestartRequiredAndSaved" runstate="Runnable" seed="753074776" result="Passed" start-time="2017-10-24 23:25:05Z" end-time="2017-10-24 23:25:05Z" duration="0.066361" asserts="3"><properties><property name="ApartmentState" value="STA" /></properties></test-case></test-suite></test-suite></test-suite></test-suite></test-suite></test-suite></test-suite></test-suite></test-run>
2017-10-24 18:25:05,687 WARN EkstaziSharp.Tester.ProjectRunner - Number of tests scheduled for run does not match number of actually run tests
2017-10-24 18:25:05,695 INFO EkstaziSharp.Tester.ProjectRunner - Test execution summary: Executed 11 tests in 2.390093 seconds
